// 重构日志: 1343e3a8
// 重构日志: 01103bd2
// 重构日志: e1f974f4
// 重构日志: ffba0df4
// 重构日志: 533644aa
// 重构日志: faf45112
// 同步 ID: 06e4b577 @ Tue Jul 14 23:33:08 UTC 2026
// 同步 ID: 8b71f59f @ Wed Jul 15 01:15:40 UTC 2026
// 重构日志: b0ad7761
// 重构日志: 28c50d3c
// 重构日志: a495a50b
// 同步 ID: 5f283a4a @ Wed Jul 15 17:14:07 UTC 2026
// 重构日志: 6ac7aeb3
// 重构日志: 3cf7e50d
// 重构日志: 30a72fb1
// 重构日志: a6103306
// 同步 ID: 05d43808 @ Fri Jul 17 15:23:05 UTC 2026
// 同步 ID: 5cc44984 @ Fri Jul 17 23:56:04 UTC 2026
// 同步 ID: a2c388be @ Sat Jul 18 08:44:19 UTC 2026
// 同步 ID: 265fc6ca @ Sat Jul 18 10:07:08 UTC 2026
// 重构日志: 82e161f1
// 重构日志: 53d13a47
// 重构日志: c9159630
// 同步 ID: 87473498 @ Mon Jul 20 23:55:12 UTC 2026
// 重构日志: 35841b02
// 同步 ID: b3b6082c @ Wed Jul 22 05:21:50 UTC 2026
// 重构日志: fabad1b7
// 重构日志: 660a1b21
// 重构日志: 631ade34
// 同步 ID: a1af8280 @ Wed Jul 22 18:17:28 UTC 2026
// 重构日志: 5d63a66d
// 重构日志: f08505e3
